<?xml version="1.0" encoding="UTF-8"?>
<testng-results ignored="0" total="1" passed="1" failed="0" skipped="0">
  <reporter-output>
  </reporter-output>
  <suite started-at="2021-06-20T19:00:48 IST" name="Default suite" finished-at="2021-06-20T19:00:53 IST" duration-ms="5288">
    <groups>
    </groups>
    <test started-at="2021-06-20T19:00:48 IST" name="Default test" finished-at="2021-06-20T19:00:53 IST" duration-ms="5288">
      <class name="RestAssuredDemo.RestAssuredDemo">
        <test-method signature="demo()[pri:0, instance:RestAssuredDemo.RestAssuredDemo@67080771]" started-at="2021-06-20T19:00:48 IST" name="demo" finished-at="2021-06-20T19:00:53 IST" duration-ms="5202" status="PASS">
          <reporter-output>
          </reporter-output>
        </test-method> <!-- demo -->
      </class> <!-- RestAssuredDemo.RestAssuredDemo -->
    </test> <!-- Default test -->
  </suite> <!-- Default suite -->
</testng-results>
